Removed Pin From Net: NetName=IMU_VCC Pin=C6-1
Removed Pin From Net: NetName=button_self_lock Pin=C6-2
Added Member To Class: ClassName=dian_recruitment_2022_V1 Member=Component C1 100nF
Added Member To Class: ClassName=dian_recruitment_2022_V1 Member=Component C2 20pF
Added Member To Class: ClassName=dian_recruitment_2022_V1 Member=Component C3 20pF
Added Member To Class: ClassName=dian_recruitment_2022_V1 Member=Component C4 104
Added Member To Class: ClassName=dian_recruitment_2022_V1 Member=Component C5 104
Added Member To Class: ClassName=dian_recruitment_2022_V1 Member=Component C7 0.1uF
Added Member To Class: ClassName=dian_recruitment_2022_V1 Member=Component C8 220uF
Added Member To Class: ClassName=dian_recruitment_2022_V1 Member=Component C9 0.1uF
Added Member To Class: ClassName=dian_recruitment_2022_V1 Member=Component C10 100nF
Added Member To Class: ClassName=dian_recruitment_2022_V1 Member=Component C11 100nF
Added Member To Class: ClassName=dian_recruitment_2022_V1 Member=Component C12 100nF
Added Member To Class: ClassName=dian_recruitment_2022_V1 Member=Component C13 100nF
Added Member To Class: ClassName=dian_recruitment_2022_V1 Member=Component C14 100nF
Added Member To Class: ClassName=dian_recruitment_2022_V1 Member=Component C15 100nF
Added Member To Class: ClassName=dian_recruitment_2022_V1 Member=Component C16 10nF
Added Member To Class: ClassName=dian_recruitment_2022_V1 Member=Component C17 100nF
Added Member To Class: ClassName=dian_recruitment_2022_V1 Member=Component C18 1uF
Added Member To Class: ClassName=dian_recruitment_2022_V1 Member=Component C19 104
Added Member To Class: ClassName=dian_recruitment_2022_V1 Member=Component D1 PC4
Added Member To Class: ClassName=dian_recruitment_2022_V1 Member=Component D2 PC4
Added Member To Class: ClassName=dian_recruitment_2022_V1 Member=Component K1 NRST
Added Member To Class: ClassName=dian_recruitment_2022_V1 Member=Component K2 PB13
Added Member To Class: ClassName=dian_recruitment_2022_V1 Member=Component K3 PB13
Added Member To Class: ClassName=dian_recruitment_2022_V1 Member=Component K4 PB13
Added Member To Class: ClassName=dian_recruitment_2022_V1 Member=Component P1 Header 4
Added Member To Class: ClassName=dian_recruitment_2022_V1 Member=Component P2 Header 4
Added Member To Class: ClassName=dian_recruitment_2022_V1 Member=Component P3 Header 4
Added Member To Class: ClassName=dian_recruitment_2022_V1 Member=Component P4 Header 4
Added Member To Class: ClassName=dian_recruitment_2022_V1 Member=Component P5 Header 2
Added Member To Class: ClassName=dian_recruitment_2022_V1 Member=Component R1 10K
Added Member To Class: ClassName=dian_recruitment_2022_V1 Member=Component R2 10K
Added Member To Class: ClassName=dian_recruitment_2022_V1 Member=Component R3 10K
Added Member To Class: ClassName=dian_recruitment_2022_V1 Member=Component R4 10K
Added Member To Class: ClassName=dian_recruitment_2022_V1 Member=Component R5 10K
Added Member To Class: ClassName=dian_recruitment_2022_V1 Member=Component R6 Res2
Added Member To Class: ClassName=dian_recruitment_2022_V1 Member=Component R7 Res2
Added Member To Class: ClassName=dian_recruitment_2022_V1 Member=Component R8 Res2
Added Member To Class: ClassName=dian_recruitment_2022_V1 Member=Component R9 4.7K
Added Member To Class: ClassName=dian_recruitment_2022_V1 Member=Component R10 4.7K
Added Member To Class: ClassName=dian_recruitment_2022_V1 Member=Component R11 4.7K
Added Member To Class: ClassName=dian_recruitment_2022_V1 Member=Component R12 Res2
Added Member To Class: ClassName=dian_recruitment_2022_V1 Member=Component R13 10K
Added Member To Class: ClassName=dian_recruitment_2022_V1 Member=Component R14 10K
Added Member To Class: ClassName=dian_recruitment_2022_V1 Member=Component 
Added Member To Class: ClassName=dian_recruitment_2022_V1 Member=Component U1 STM32F103C8T6
Added Member To Class: ClassName=dian_recruitment_2022_V1 Member=Component U2 AMS1117-3.3
Added Member To Class: ClassName=dian_recruitment_2022_V1 Member=Component U3 MPU6500
Added Member To Class: ClassName=dian_recruitment_2022_V1 Member=Component USB1 TYPEC-304-ACP16
Added Member To Class: ClassName=dian_recruitment_2022_V1 Member=Component Y1 8M
