Change Component Designator: OldDesignator= NewDesignator=C1
Change Component Designator: OldDesignator= NewDesignator=C2
Change Component Designator: OldDesignator= NewDesignator=C3
Change Component Designator: OldDesignator= NewDesignator=C4
Change Component Designator: OldDesignator= NewDesignator=C5
Change Component Designator: OldDesignator= NewDesignator=C6
Change Component Designator: OldDesignator= NewDesignator=C7
Change Component Designator: OldDesignator= NewDesignator=C8
Change Component Designator: OldDesignator= NewDesignator=C9
Change Component Designator: OldDesignator= NewDesignator=C10
Change Component Designator: OldDesignator= NewDesignator=C11
Change Component Designator: OldDesignator= NewDesignator=C12
Change Component Designator: OldDesignator= NewDesignator=C13
Change Component Designator: OldDesignator= NewDesignator=C14
Change Component Designator: OldDesignator= NewDesignator=C15
Change Component Designator: OldDesignator= NewDesignator=C16
Change Component Designator: OldDesignator= NewDesignator=C17
Change Component Designator: OldDesignator= NewDesignator=C18
Change Component Designator: OldDesignator= NewDesignator=C19
Change Component Designator: OldDesignator= NewDesignator=D1
Change Component Designator: OldDesignator= NewDesignator=D2
Change Component Designator: OldDesignator= NewDesignator=K1
Change Component Designator: OldDesignator= NewDesignator=K2
Change Component Designator: OldDesignator= NewDesignator=K3
Change Component Designator: OldDesignator= NewDesignator=K4
Change Component Designator: OldDesignator= NewDesignator=P1
Change Component Designator: OldDesignator= NewDesignator=P2
Change Component Designator: OldDesignator= NewDesignator=P3
Change Component Designator: OldDesignator= NewDesignator=P4
Change Component Designator: OldDesignator= NewDesignator=P5
Change Component Designator: OldDesignator= NewDesignator=R1
Change Component Designator: OldDesignator= NewDesignator=R2
Change Component Designator: OldDesignator= NewDesignator=R3
Change Component Designator: OldDesignator= NewDesignator=R4
Change Component Designator: OldDesignator= NewDesignator=R5
Change Component Designator: OldDesignator= NewDesignator=R8
Change Component Designator: OldDesignator= NewDesignator=R9
Change Component Designator: OldDesignator= NewDesignator=R10
Change Component Designator: OldDesignator= NewDesignator=R11
Change Component Designator: OldDesignator= NewDesignator=R12
Change Component Designator: OldDesignator= NewDesignator=R13
Change Component Designator: OldDesignator= NewDesignator=R14
Change Component Designator: OldDesignator= NewDesignator=U1
Change Component Designator: OldDesignator= NewDesignator=U2
Change Component Designator: OldDesignator= NewDesignator=U3
Change Component Designator: OldDesignator= NewDesignator=USB1
Change Component Designator: OldDesignator= NewDesignator=Y1
Added Member To Class: ClassName=dian_recruitment_2022_V1 Member=Component C1 100nF
Added Member To Class: ClassName=dian_recruitment_2022_V1 Member=Component C2 20pF
Added Member To Class: ClassName=dian_recruitment_2022_V1 Member=Component C3 20pF
Added Member To Class: ClassName=dian_recruitment_2022_V1 Member=Component C4 104
Added Member To Class: ClassName=dian_recruitment_2022_V1 Member=Component C5 104
Added Member To Class: ClassName=dian_recruitment_2022_V1 Member=Component C6 104
Added Member To Class: ClassName=dian_recruitment_2022_V1 Member=Component C7 0.1uF
Added Member To Class: ClassName=dian_recruitment_2022_V1 Member=Component C8 220uF
Added Member To Class: ClassName=dian_recruitment_2022_V1 Member=Component C9 0.1uF
Added Member To Class: ClassName=dian_recruitment_2022_V1 Member=Component C10 100nF
Added Member To Class: ClassName=dian_recruitment_2022_V1 Member=Component C11 100nF
Added Member To Class: ClassName=dian_recruitment_2022_V1 Member=Component C12 100nF
Added Member To Class: ClassName=dian_recruitment_2022_V1 Member=Component C13 100nF
Added Member To Class: ClassName=dian_recruitment_2022_V1 Member=Component C14 100nF
Added Member To Class: ClassName=dian_recruitment_2022_V1 Member=Component C15 100nF
Added Member To Class: ClassName=dian_recruitment_2022_V1 Member=Component C16 10nF
Added Member To Class: ClassName=dian_recruitment_2022_V1 Member=Component C17 100nF
Added Member To Class: ClassName=dian_recruitment_2022_V1 Member=Component C18 1uF
Added Member To Class: ClassName=dian_recruitment_2022_V1 Member=Component C19 104
Added Member To Class: ClassName=dian_recruitment_2022_V1 Member=Component D1 PC4
Added Member To Class: ClassName=dian_recruitment_2022_V1 Member=Component D2 PC4
Added Member To Class: ClassName=dian_recruitment_2022_V1 Member=Component K1 NRST
Added Member To Class: ClassName=dian_recruitment_2022_V1 Member=Component K2 PB13
Added Member To Class: ClassName=dian_recruitment_2022_V1 Member=Component K3 PB13
Added Member To Class: ClassName=dian_recruitment_2022_V1 Member=Component K4 PB13
Added Member To Class: ClassName=dian_recruitment_2022_V1 Member=Component P1 Header 4
Added Member To Class: ClassName=dian_recruitment_2022_V1 Member=Component P2 Header 4
Added Member To Class: ClassName=dian_recruitment_2022_V1 Member=Component P3 Header 3
Added Member To Class: ClassName=dian_recruitment_2022_V1 Member=Component P4 Header 4
Added Member To Class: ClassName=dian_recruitment_2022_V1 Member=Component P5 Header 7
Added Member To Class: ClassName=dian_recruitment_2022_V1 Member=Component R1 10K
Added Member To Class: ClassName=dian_recruitment_2022_V1 Member=Component R2 10K
Added Member To Class: ClassName=dian_recruitment_2022_V1 Member=Component R3 10K
Added Member To Class: ClassName=dian_recruitment_2022_V1 Member=Component R4 10K
Added Member To Class: ClassName=dian_recruitment_2022_V1 Member=Component R5 10K
Added Member To Class: ClassName=dian_recruitment_2022_V1 Member=Component R8 Res2
Added Member To Class: ClassName=dian_recruitment_2022_V1 Member=Component R9 4.7K
Added Member To Class: ClassName=dian_recruitment_2022_V1 Member=Component R10 4.7K
Added Member To Class: ClassName=dian_recruitment_2022_V1 Member=Component R11 4.7K
Added Member To Class: ClassName=dian_recruitment_2022_V1 Member=Component R12 Res2
Added Member To Class: ClassName=dian_recruitment_2022_V1 Member=Component R13 10K
Added Member To Class: ClassName=dian_recruitment_2022_V1 Member=Component R14 10K
Added Member To Class: ClassName=dian_recruitment_2022_V1 Member=Component 
Added Member To Class: ClassName=dian_recruitment_2022_V1 Member=Component U1 STM32F103C8T6
Added Member To Class: ClassName=dian_recruitment_2022_V1 Member=Component U2 AMS1117-3.3
Added Member To Class: ClassName=dian_recruitment_2022_V1 Member=Component U3 MPU6500
Added Member To Class: ClassName=dian_recruitment_2022_V1 Member=Component USB1 TYPEC-304-ACP16
Added Member To Class: ClassName=dian_recruitment_2022_V1 Member=Component Y1 8M
