Removed Pin From Net: NetName=GND Pin=K1-2
Removed Pin From Net: NetName=button1 Pin=K2-2
Removed Pin From Net: NetName=button2 Pin=K3-2
Added Component: Designator=R6(0603_R)
Add component (AddParameter): Name = "LatestRevisionDate"; Value = "17-Jul-2002"; VariantName = "[No Variations]"
Add component (AddParameter): Name = "LatestRevisionNote"; Value = "Re-released for DXP Platform."; VariantName = "[No Variations]"
Add component (AddParameter): Name = "PackageDescription"; Value = "Axial Device, Thru-Hole; 2 Leads; 0.4 in Pin Spacing"; VariantName = "[No Variations]"
Add component (AddParameter): Name = "PackageReference"; Value = "AXIAL-0.4"; VariantName = "[No Variations]"
Add component (AddParameter): Name = "Published"; Value = "8-Jun-2000"; VariantName = "[No Variations]"
Add component (AddParameter): Name = "Publisher"; Value = "Altium Limited"; VariantName = "[No Variations]"
Add component (AddParameter): Name = "Value"; Value = "50"; VariantName = "[No Variations]"
Added Component: Designator=R7(0603_R)
Add component (AddParameter): Name = "LatestRevisionDate"; Value = "17-Jul-2002"; VariantName = "[No Variations]"
Add component (AddParameter): Name = "LatestRevisionNote"; Value = "Re-released for DXP Platform."; VariantName = "[No Variations]"
Add component (AddParameter): Name = "PackageDescription"; Value = "Axial Device, Thru-Hole; 2 Leads; 0.4 in Pin Spacing"; VariantName = "[No Variations]"
Add component (AddParameter): Name = "PackageReference"; Value = "AXIAL-0.4"; VariantName = "[No Variations]"
Add component (AddParameter): Name = "Published"; Value = "8-Jun-2000"; VariantName = "[No Variations]"
Add component (AddParameter): Name = "Publisher"; Value = "Altium Limited"; VariantName = "[No Variations]"
Add component (AddParameter): Name = "Value"; Value = "50"; VariantName = "[No Variations]"
Added Pin To Net: NetName=GND Pin=K1-3
Added Pin To Net: NetName=button1 Pin=K2-3
Added Pin To Net: NetName=button2 Pin=K3-3
Added Pin To Net: NetName=NetR6_1 Pin=R6-1
Added Pin To Net: NetName=USB_DP Pin=R6-2
Added Pin To Net: NetName=NetR7_1 Pin=R7-1
Added Pin To Net: NetName=USB_DM Pin=R7-2
Added Member To Class: ClassName=dian_recruitment_2022_V1 Member=Component R6 Res2
Added Member To Class: ClassName=dian_recruitment_2022_V1 Member=Component R7 Res2
Added Member To Class: ClassName=dian_recruitment_2022_V1 Member=Component 
Added Member To Class: ClassName=dian_recruitment_2022_V1 Member=Component U1 STM32F103C8T6
Added Member To Class: ClassName=dian_recruitment_2022_V1 Member=Component U2 AMS1117-3.3
Added Member To Class: ClassName=dian_recruitment_2022_V1 Member=Component U3 MPU6500
Added Member To Class: ClassName=dian_recruitment_2022_V1 Member=Component USB1 TYPEC-304-ACP16
Added Member To Class: ClassName=dian_recruitment_2022_V1 Member=Component Y1 8M
